0 info it worked if it ends with ok
1 verbose cli [ 'C:\\Program Files\\nodejs\\node.exe',
1 verbose cli   'C:\\Program Files\\nodejs\\node_modules\\npm\\bin\\npm-cli.js',
1 verbose cli   'install',
1 verbose cli   'grunt',
1 verbose cli   '--save-dev' ]
2 info using npm@3.7.3
3 info using node@v5.8.0
4 silly loadCurrentTree Starting
5 silly install loadCurrentTree
6 silly install readLocalPackageData
7 silly fetchPackageMetaData grunt
8 silly fetchNamedPackageData grunt
9 silly mapToRegistry name grunt
10 silly mapToRegistry using default registry
11 silly mapToRegistry registry https://registry.npmjs.org/
12 silly mapToRegistry uri https://registry.npmjs.org/grunt
13 verbose request uri https://registry.npmjs.org/grunt
14 verbose request no auth needed
15 info attempt registry request try #1 at 12:19:25
16 verbose request id 011600433d9495d4
17 verbose etag "56d7d616-16ddf"
18 verbose lastModified Thu, 03 Mar 2016 06:13:42 GMT
19 http request GET https://registry.npmjs.org/grunt
20 http 304 https://registry.npmjs.org/grunt
21 verbose headers { date: 'Wed, 09 Mar 2016 18:19:26 GMT',
21 verbose headers   via: '1.1 varnish',
21 verbose headers   'cache-control': 'max-age=300',
21 verbose headers   etag: '"56d7d616-16ddf"',
21 verbose headers   expires: 'Thu, 10 Mar 2016 00:15:44 GMT',
21 verbose headers   age: '222',
21 verbose headers   connection: 'keep-alive',
21 verbose headers   'x-served-by': 'cache-dfw1841-DFW',
21 verbose headers   'x-cache': 'HIT',
21 verbose headers   'x-cache-hits': '3',
21 verbose headers   'x-timer': 'S1457547566.557330,VS0,VE0' }
22 silly get cb [ 304,
22 silly get   { date: 'Wed, 09 Mar 2016 18:19:26 GMT',
22 silly get     via: '1.1 varnish',
22 silly get     'cache-control': 'max-age=300',
22 silly get     etag: '"56d7d616-16ddf"',
22 silly get     expires: 'Thu, 10 Mar 2016 00:15:44 GMT',
22 silly get     age: '222',
22 silly get     connection: 'keep-alive',
22 silly get     'x-served-by': 'cache-dfw1841-DFW',
22 silly get     'x-cache': 'HIT',
22 silly get     'x-cache-hits': '3',
22 silly get     'x-timer': 'S1457547566.557330,VS0,VE0' } ]
23 verbose etag https://registry.npmjs.org/grunt from cache
24 verbose get saving grunt to C:\Users\RRamirez\AppData\Roaming\npm-cache\registry.npmjs.org\grunt\.cache.json
25 verbose correctMkdir C:\Users\RRamirez\AppData\Roaming\npm-cache correctMkdir not in flight; initializing
26 verbose stack TypeError: Invalid Version: 0.4.0rc8
26 verbose stack     at new SemVer (C:\Program Files\nodejs\node_modules\npm\node_modules\semver\semver.js:293:11)
26 verbose stack     at SemVer.compare (C:\Program Files\nodejs\node_modules\npm\node_modules\semver\semver.js:342:13)
26 verbose stack     at compare (C:\Program Files\nodejs\node_modules\npm\node_modules\semver\semver.js:566:31)
26 verbose stack     at rcompare (C:\Program Files\nodejs\node_modules\npm\node_modules\semver\semver.js:576:10)
26 verbose stack     at Array.sort (native)
26 verbose stack     at pickVersionFromRegistryDocument (C:\Program Files\nodejs\node_modules\npm\lib\fetch-package-metadata.js:121:48)
26 verbose stack     at C:\Program Files\nodejs\node_modules\npm\node_modules\iferr\index.js:13:50
26 verbose stack     at C:\Program Files\nodejs\node_modules\npm\lib\utils\pulse-till-done.js:19:8
26 verbose stack     at saved (C:\Program Files\nodejs\node_modules\npm\lib\cache\caching-client.js:168:7)
26 verbose stack     at C:\Program Files\nodejs\node_modules\npm\node_modules\graceful-fs\polyfills.js:210:7
27 verbose cwd c:\wamp\www\mitarjeta\project_files\js
28 error Windows_NT 10.0.10586
29 error argv "C:\\Program Files\\nodejs\\node.exe" "C:\\Program Files\\nodejs\\node_modules\\npm\\bin\\npm-cli.js" "install" "grunt" "--save-dev"
30 error node v5.8.0
31 error npm  v3.7.3
32 error Invalid Version: 0.4.0rc8
33 error If you need help, you may report this error at:
33 error     <https://github.com/npm/npm/issues>
34 verbose exit [ 1, true ]
